<?xml version="1.0" encoding="UTF-8"?>
<testng-results skipped="0" failed="0" total="1" passed="1">
  <reporter-output>
  </reporter-output>
  <suite name="Default suite" duration-ms="57726" started-at="2018-02-02T15:05:07Z" finished-at="2018-02-02T15:06:05Z">
    <groups>
    </groups>
    <test name="Default test" duration-ms="57726" started-at="2018-02-02T15:05:07Z" finished-at="2018-02-02T15:06:05Z">
      <class name="com.capgemini.LocateElements">
        <test-method status="PASS" signature="setup()" name="setup" is-config="true" duration-ms="57429" started-at="2018-02-02T15:05:07Z" finished-at="2018-02-02T15:06:04Z">
        </test-method>
        <test-method status="PASS" signature="locate()" name="locate" duration-ms="286" started-at="2018-02-02T15:06:04Z" finished-at="2018-02-02T15:06:05Z">
        </test-method>
      </class>
    </test>
  </suite>
</testng-results>
